<?xml version="1.0" encoding="UTF-8"?>
<testng-results skipped="0" failed="0" ignored="0" total="1" passed="1">
  <reporter-output>
  </reporter-output>
  <suite name="Suite" duration-ms="19706" started-at="2023-05-24T12:56:04Z" finished-at="2023-05-24T12:56:24Z">
    <groups>
    </groups>
    <test name="Test" duration-ms="19706" started-at="2023-05-24T12:56:04Z" finished-at="2023-05-24T12:56:24Z">
      <class name="testcases.CreateLead">
        <test-method status="PASS" signature="testDetails()[pri:0, instance:testcases.CreateLead@3967e60c]" name="testDetails" is-config="true" duration-ms="14" started-at="2023-05-24T18:26:04Z" finished-at="2023-05-24T18:26:04Z">
          <reporter-output>
          </reporter-output>
        </test-method> <!-- testDetails -->
        <test-method status="PASS" signature="setUp()[pri:0, instance:testcases.CreateLead@3967e60c]" name="setUp" is-config="true" duration-ms="8953" started-at="2023-05-24T18:26:04Z" finished-at="2023-05-24T18:26:13Z">
          <reporter-output>
          </reporter-output>
        </test-method> <!-- setUp -->
        <test-method status="PASS" signature="createLead()[pri:0, instance:testcases.CreateLead@3967e60c]" name="createLead" duration-ms="9920" started-at="2023-05-24T18:26:13Z" finished-at="2023-05-24T18:26:23Z">
          <reporter-output>
          </reporter-output>
        </test-method> <!-- createLead -->
        <test-method status="PASS" signature="tearDown()[pri:0, instance:testcases.CreateLead@3967e60c]" name="tearDown" is-config="true" duration-ms="802" started-at="2023-05-24T18:26:23Z" finished-at="2023-05-24T18:26:24Z">
          <reporter-output>
          </reporter-output>
        </test-method> <!-- tearDown -->
      </class> <!-- testcases.CreateLead -->
    </test> <!-- Test -->
  </suite> <!-- Suite -->
</testng-results>
