<?xml version="1.0" encoding="UTF-8"?>
<testng-results skipped="0" failed="0" ignored="0" total="2" passed="2">
  <reporter-output>
  </reporter-output>
  <suite name="Suite" duration-ms="184032" started-at="2023-05-22T14:13:19Z" finished-at="2023-05-22T14:16:23Z">
    <groups>
    </groups>
    <test name="Test" duration-ms="184032" started-at="2023-05-22T14:13:19Z" finished-at="2023-05-22T14:16:23Z">
      <class name="testcases.CreateLead">
        <test-method status="PASS" signature="setUp()[pri:0, instance:testcases.CreateLead@4a22f9e2]" name="setUp" is-config="true" duration-ms="147823" started-at="2023-05-22T19:43:19Z" finished-at="2023-05-22T19:45:46Z">
          <reporter-output>
          </reporter-output>
        </test-method> <!-- setUp -->
        <test-method status="PASS" signature="createLead()[pri:0, instance:testcases.CreateLead@4a22f9e2]" name="createLead" duration-ms="14192" started-at="2023-05-22T19:45:46Z" finished-at="2023-05-22T19:46:01Z">
          <reporter-output>
          </reporter-output>
        </test-method> <!-- createLead -->
        <test-method status="PASS" signature="tearDown()[pri:0, instance:testcases.CreateLead@4a22f9e2]" name="tearDown" is-config="true" duration-ms="255" started-at="2023-05-22T19:46:01Z" finished-at="2023-05-22T19:46:01Z">
          <reporter-output>
          </reporter-output>
        </test-method> <!-- tearDown -->
        <test-method status="PASS" signature="setUp()[pri:0, instance:testcases.CreateLead@4a22f9e2]" name="setUp" is-config="true" duration-ms="6513" started-at="2023-05-22T19:46:01Z" finished-at="2023-05-22T19:46:07Z">
          <reporter-output>
          </reporter-output>
        </test-method> <!-- setUp -->
        <test-method status="PASS" signature="createLead()[pri:0, instance:testcases.CreateLead@4a22f9e2]" name="createLead" duration-ms="14973" started-at="2023-05-22T19:46:07Z" finished-at="2023-05-22T19:46:22Z">
          <reporter-output>
          </reporter-output>
        </test-method> <!-- createLead -->
        <test-method status="PASS" signature="tearDown()[pri:0, instance:testcases.CreateLead@4a22f9e2]" name="tearDown" is-config="true" duration-ms="247" started-at="2023-05-22T19:46:22Z" finished-at="2023-05-22T19:46:23Z">
          <reporter-output>
          </reporter-output>
        </test-method> <!-- tearDown -->
      </class> <!-- testcases.CreateLead -->
    </test> <!-- Test -->
  </suite> <!-- Suite -->
</testng-results>
